[debug] [2024-12-08T12:10:07.778Z] ----------------------------------------------------------------------
[debug] [2024-12-08T12:10:07.781Z] Command:       C:\Program Files\nodejs\node.exe C:\Users\Muhammed ajmal y\AppData\Roaming\npm\node_modules\firebase-tools\lib\bin\firebase.js init
[debug] [2024-12-08T12:10:07.781Z] CLI Version:   13.28.0
[debug] [2024-12-08T12:10:07.781Z] Platform:      win32
[debug] [2024-12-08T12:10:07.781Z] Node Version:  v22.11.0
[debug] [2024-12-08T12:10:07.781Z] Time:          Sun Dec 08 2024 17:40:07 GMT+0530 (India Standard Time)
[debug] [2024-12-08T12:10:07.781Z] ----------------------------------------------------------------------
[debug] 
[debug] [2024-12-08T12:10:07.785Z] >>> [apiv2][query] GET https://firebase-public.firebaseio.com/cli.json [none]
[debug] [2024-12-08T12:10:07.833Z] > command requires scopes: ["email","openid","https://www.googleapis.com/auth/cloudplatformprojects.readonly","https://www.googleapis.com/auth/firebase","https://www.googleapis.com/auth/cloud-platform"]
[debug] [2024-12-08T12:10:07.833Z] > authorizing via signed-in user (ajmalyousufza@gmail.com)
[info] 
     ######## #### ########  ######## ########     ###     ######  ########
     ##        ##  ##     ## ##       ##     ##  ##   ##  ##       ##
     ######    ##  ########  ######   ########  #########  ######  ######
     ##        ##  ##    ##  ##       ##     ## ##     ##       ## ##
     ##       #### ##     ## ######## ########  ##     ##  ######  ########

You're about to initialize a Firebase project in this directory:

  C:\Users\Muhammed ajmal y\Documents\mujeeb iwa website\react-sample\my-react

[debug] [2024-12-08T12:10:08.758Z] <<< [apiv2][status] GET https://firebase-public.firebaseio.com/cli.json 200
[debug] [2024-12-08T12:10:08.758Z] <<< [apiv2][body] GET https://firebase-public.firebaseio.com/cli.json {"cloudBuildErrorAfter":1594252800000,"cloudBuildWarnAfter":1590019200000,"defaultNode10After":1594252800000,"minVersion":"3.0.5","node8DeploysDisabledAfter":1613390400000,"node8RuntimeDisabledAfter":1615809600000,"node8WarnAfter":1600128000000}
